<?xml version="1.0"?>
<PhoronixTestSuite>
    <TestInformation>
        <Title>Sysbench</Title>
        <AppVersion>1.0.20</AppVersion>
        <Description>This is a benchmark of Sysbench with the built-in CPU, RAM and disk tests. Sysbench is a scriptable
            multi-threaded benchmark tool based on LuaJIT.
        </Description>
        <ResultScale>Events Per Second</ResultScale>
        <Proportion>HIB</Proportion>
        <TimesToRun>3</TimesToRun>
        <Executable>sysbench</Executable>
    </TestInformation>
    <TestProfile>
        <Version>1.1.0</Version>
        <SupportedPlatforms>Linux</SupportedPlatforms>
        <SoftwareType>Utility</SoftwareType>
        <TestType>System</TestType>
        <License>Free</License>
        <Status>Verified</Status>
        <ExternalDependencies>build-utilities, libtool, libaio-development</ExternalDependencies>
        <SystemDependencies>pkg-config</SystemDependencies>
        <EnvironmentSize>30</EnvironmentSize>
        <ProjectURL>https://github.com/akopytov/sysbench</ProjectURL>
        <Maintainer>Marius Shekow</Maintainer>
    </TestProfile>
    <TestSettings>
        <Option>
            <DisplayName>Test to run</DisplayName>
            <Identifier>run-test</Identifier>
            <Menu>
                <Entry>
                    <Name>CPU</Name>
                    <Value>cpu</Value>
                </Entry>
                <Entry>
                    <Name>RAM / Memory</Name>
                    <Value>memory</Value>
                </Entry>
                <Entry>
                    <Name>Disk</Name>
                    <Value>fileio</Value>
                </Entry>
            </Menu>
        </Option>
        <Option>
            <DisplayName>Test duration (in seconds)</DisplayName>
            <Identifier>duration</Identifier>
            <Menu>
                <Entry>
                    <Name>10 seconds</Name>
                    <Value>10</Value>
                </Entry>
                <Entry>
                    <Name>30 seconds</Name>
                    <Value>30</Value>
                </Entry>
            </Menu>
        </Option>
        <Option>
            <DisplayName>Parallel threads</DisplayName>
            <Identifier>threads</Identifier>
            <Menu>
                <Entry>
                    <Name>Same as available cores</Name>
                    <Value>0</Value>
                </Entry>
                <Entry>
                    <Name>1</Name>
                    <Value>1</Value>
                </Entry>
                <Entry>
                    <Name>2</Name>
                    <Value>2</Value>
                </Entry>
                <Entry>
                    <Name>4</Name>
                    <Value>4</Value>
                </Entry>
            </Menu>
        </Option>
        <Option>
            <DisplayName>RAM I/O pattern (only applicable for RAM test)</DisplayName>
            <Identifier>ram-io-pattern</Identifier>
            <Menu>
                <Entry>
                    <Name>Sequential</Name>
                    <Value>seq</Value>
                </Entry>
                <Entry>
                    <Name>Random</Name>
                    <Value>rnd</Value>
                </Entry>
            </Menu>
        </Option>
        <Option>
            <DisplayName>RAM test: test reading or writing (only applicable for RAM test)</DisplayName>
            <Identifier>ram-read-vs-write</Identifier>
            <Menu>
                <Entry>
                    <Name>Reading</Name>
                    <Value>read</Value>
                </Entry>
                <Entry>
                    <Name>Writing</Name>
                    <Value>write</Value>
                </Entry>
            </Menu>
        </Option>
        <Option>
            <DisplayName>Disk test: test mode (only applicable for Disk test)</DisplayName>
            <Identifier>disk-test-mode</Identifier>
            <Menu>
                <Entry>
                    <Name>Sequential writes</Name>
                    <Value>seqwr</Value>
                </Entry>
                <Entry>
                    <Name>Sequential reads</Name>
                    <Value>seqrd</Value>
                </Entry>
                <Entry>
                    <Name>Random reads</Name>
                    <Value>rndrd</Value>
                </Entry>
                <Entry>
                    <Name>Random writes</Name>
                    <Value>rndwr</Value>
                </Entry>
                <Entry>
                    <Name>Mixture of both random reads+writes</Name>
                    <Value>rndrw</Value>
                </Entry>
            </Menu>
        </Option>
        <Option>
            <DisplayName>Disk test: block size in bytes (only applicable for Disk test)</DisplayName>
            <Identifier>disk-blocksize</Identifier>
            <Menu>
                <Entry>
                    <Name>16 KB</Name>
                    <Value>16384</Value>
                </Entry>
                <Entry>
                    <Name>512 KB</Name>
                    <Value>524288</Value>
                </Entry>
            </Menu>
        </Option>
        <Option>
            <DisplayName>Disk test: use direct mode (only applicable for Disk test)</DisplayName>
            <Identifier>disk-directmode</Identifier>
            <Menu>
                <Entry>
                    <Name>Yes</Name>
                    <Value>directmode</Value>
                </Entry>
                <Entry>
                    <Name>No</Name>
                    <Value>nodirectmode</Value>
                </Entry>
            </Menu>
        </Option>
    </TestSettings>
</PhoronixTestSuite>
