<?xml version="1.0"?>
<!--Phoronix Test Suite v10.8.4-->
<PhoronixTestSuite>
  <TestInformation>
    <Title>OpenSSL</Title>
    <AppVersion>3.1</AppVersion>
    <Description>OpenSSL is an open-source toolkit that implements SSL (Secure Sockets Layer) and TLS (Transport Layer Security) protocols. This test profile makes use of the built-in "openssl speed" benchmarking capabilities.</Description>
    <Proportion>HIB</Proportion>
    <TimesToRun>1</TimesToRun> <!--MODIFIED, was 3 -->
  </TestInformation>
  <TestProfile>
    <Version>3.1.0</Version>
    <SupportedPlatforms>Linux, Solaris, BSD, MacOSX</SupportedPlatforms>
    <SoftwareType>Utility</SoftwareType>
    <TestType>Processor</TestType>
    <License>Free</License>
    <Status>Verified</Status>
    <ExternalDependencies>build-utilities</ExternalDependencies>
    <EnvironmentSize>430</EnvironmentSize>
    <ProjectURL>https://www.openssl.org/</ProjectURL>
    <RepositoryURL>https://github.com/openssl/openssl</RepositoryURL>
    <Maintainer>Marius Shekow</Maintainer>
  </TestProfile>
  <TestSettings>
    <Option>
      <DisplayName>Algorithm</DisplayName>
      <Identifier>algo</Identifier>
      <Menu>
        <Entry>
          <Name>RSA4096</Name>
          <Value>rsa4096</Value>
        </Entry>
        <Entry>
          <Name>SHA256</Name>
          <Value>sha256</Value>
        </Entry>
        <Entry>
          <Name>SHA512</Name>
          <Value>sha512</Value>
        </Entry>
      </Menu>
    </Option>
    <Option>
      <DisplayName>Duration (seconds)</DisplayName>
      <Identifier>duration</Identifier>
      <Menu>
        <Entry>
          <Name>10</Name>
          <Value>10</Value>
        </Entry>
        <Entry>
          <Name>20</Name>
          <Value>20</Value>
        </Entry>
        <Entry>
          <Name>60</Name>
          <Value>60</Value>
        </Entry>
        <Entry>
          <Name>120</Name>
          <Value>120</Value>
        </Entry>
      </Menu>
    </Option>
    <Option>
      <DisplayName>Parallel threads</DisplayName>
      <Identifier>threads</Identifier>
      <Menu>
        <Entry>
          <Name>Same as available cores</Name>
          <Value>0</Value>
        </Entry>
        <Entry>
          <Name>1</Name>
          <Value>1</Value>
        </Entry>
        <Entry>
          <Name>2</Name>
          <Value>2</Value>
        </Entry>
        <Entry>
          <Name>4</Name>
          <Value>4</Value>
        </Entry>
      </Menu>
    </Option>
    <Option>
      <DisplayName>Bytes</DisplayName>
      <Identifier>bytes</Identifier>
      <Menu>
        <Entry>
          <Name>16</Name>
          <Value>16</Value>
        </Entry>
        <Entry>
          <Name>32</Name>
          <Value>32</Value>
        </Entry>
        <Entry>
          <Name>64</Name>
          <Value>64</Value>
        </Entry>
        <Entry>
          <Name>128</Name>
          <Value>128</Value>
        </Entry>
        <Entry>
          <Name>256</Name>
          <Value>256</Value>
        </Entry>
        <Entry>
          <Name>512</Name>
          <Value>512</Value>
        </Entry>
        <Entry>
          <Name>1024</Name>
          <Value>1024</Value>
        </Entry>
        <Entry>
          <Name>2048</Name>
          <Value>2048</Value>
        </Entry>
        <Entry>
          <Name>4096</Name>
          <Value>4096</Value>
        </Entry>
        <Entry>
          <Name>8192</Name>
          <Value>8192</Value>
        </Entry>
        <Entry>
          <Name>16384</Name>
          <Value>16384</Value>
        </Entry>
      </Menu>
    </Option>
  </TestSettings>
</PhoronixTestSuite>
